<?xml version="1.0" encoding="UTF-8"?>
<robot generator="Robot 7.0 (Python 3.12.2 on win32)" generated="2024-02-16T10:00:13.640942" rpa="false" schemaversion="5">
<suite id="s1" name="CreateTeskTests" source="C:\Users\Bartłomiej\Desktop\Kursy i szkolenia\Robot_framework\todomvc\CreateTeskTests.robot">
<test id="s1-t1" name="User can creates new TODO task" line="7">
<kw name="User opens TodoMVP app" owner="UserSteps">
<kw name="Open ToDoMVC app" owner="ToDOMVCPO">
<kw name="Open Browser" owner="SeleniumLibrary">
<msg time="2024-02-16T10:00:14.545265" level="INFO">Opening browser 'firefox' to base url 'https://todomvc.com/examples/jquery/dist/#/all'.</msg>
<arg>${TODOMVC_URL}</arg>
<arg>${BROWSER}</arg>
<doc>Opens a new browser instance to the optional ``url``.</doc>
<status status="PASS" start="2024-02-16T10:00:14.544269" elapsed="16.852758"/>
</kw>
<status status="PASS" start="2024-02-16T10:00:14.543265" elapsed="16.853762"/>
</kw>
<status status="PASS" start="2024-02-16T10:00:14.542266" elapsed="16.855755"/>
</kw>
<kw name="User creates new TODO" owner="UserSteps">
<kw name="Enter todo name" owner="NewTodoImputsPO">
<kw name="Input Text" owner="SeleniumLibrary">
<msg time="2024-02-16T10:00:31.400537" level="INFO">Typing text 'Nowe zadanie' into text field 'css:#new-todo'.</msg>
<arg>${NEW_TODO_INPUT}</arg>
<arg>${name}</arg>
<doc>Types the given ``text`` into the text field identified by ``locator``.</doc>
<status status="PASS" start="2024-02-16T10:00:31.399021" elapsed="0.313292"/>
</kw>
<arg>${New_taks_name}</arg>
<status status="PASS" start="2024-02-16T10:00:31.399021" elapsed="0.314292"/>
</kw>
<kw name="Submit todo" owner="NewTodoImputsPO">
<kw name="Press Keys" owner="SeleniumLibrary">
<msg time="2024-02-16T10:00:31.715839" level="INFO">Sending key(s) ('ENTER',) to css:#new-todo element.</msg>
<msg time="2024-02-16T10:00:32.144395" level="INFO">Pressing special key ENTER to element.</msg>
<msg time="2024-02-16T10:00:32.144395" level="INFO">Releasing special key ENTER.</msg>
<arg>${NEW_TODO_INPUT}</arg>
<arg>ENTER</arg>
<doc>Simulates the user pressing key(s) to an element or on the active browser.</doc>
<status status="PASS" start="2024-02-16T10:00:31.714321" elapsed="0.577935"/>
</kw>
<status status="PASS" start="2024-02-16T10:00:31.713313" elapsed="0.578943"/>
</kw>
<status status="PASS" start="2024-02-16T10:00:31.399021" elapsed="0.894247"/>
</kw>
<kw name="User checks if todo is created" owner="UserSteps">
<kw name="Check if todo is on the list" owner="TodoListPO">
<kw name="Element Text Should Be" owner="SeleniumLibrary">
<msg time="2024-02-16T10:00:32.297251" level="INFO">Verifying element 'css:.todo-list' contains exact text 'Nowe zadanie'.</msg>
<arg>${TODO_LIST}</arg>
<arg>${name}</arg>
<doc>Verifies that element ``locator`` contains exact the text ``expected``.</doc>
<status status="PASS" start="2024-02-16T10:00:32.297251" elapsed="0.211394"/>
</kw>
<arg>${New_taks_name}</arg>
<status status="PASS" start="2024-02-16T10:00:32.295242" elapsed="0.213403"/>
</kw>
<status status="PASS" start="2024-02-16T10:00:32.294254" elapsed="0.214391"/>
</kw>
<kw name="User close TodoMVP app" owner="UserSteps" type="TEARDOWN">
<kw name="Close ToDoMVC app" owner="ToDOMVCPO">
<kw name="Close Browser" owner="SeleniumLibrary">
<doc>Closes the current browser.</doc>
<status status="PASS" start="2024-02-16T10:00:32.510635" elapsed="8.759234"/>
</kw>
<status status="PASS" start="2024-02-16T10:00:32.510635" elapsed="8.759234"/>
</kw>
<status status="PASS" start="2024-02-16T10:00:32.509646" elapsed="8.760223"/>
</kw>
<status status="PASS" start="2024-02-16T10:00:14.541265" elapsed="26.728604"/>
</test>
<test id="s1-t2" name="User can create a few new todos" line="13">
<kw name="User opens TodoMVP app" owner="UserSteps">
<kw name="Open ToDoMVC app" owner="ToDOMVCPO">
<kw name="Open Browser" owner="SeleniumLibrary">
<msg time="2024-02-16T10:00:41.276660" level="INFO">Opening browser 'firefox' to base url 'https://todomvc.com/examples/jquery/dist/#/all'.</msg>
<arg>${TODOMVC_URL}</arg>
<arg>${BROWSER}</arg>
<doc>Opens a new browser instance to the optional ``url``.</doc>
<status status="PASS" start="2024-02-16T10:00:41.275653" elapsed="14.505801"/>
</kw>
<status status="PASS" start="2024-02-16T10:00:41.274651" elapsed="14.506803"/>
</kw>
<status status="PASS" start="2024-02-16T10:00:41.273657" elapsed="14.507797"/>
</kw>
<kw name="User creates few new todos" owner="UserSteps">
<for flavor="IN">
<iter>
<kw name="Enter todo name" owner="NewTodoImputsPO">
<kw name="Input Text" owner="SeleniumLibrary">
<msg time="2024-02-16T10:00:55.786489" level="INFO">Typing text 'todo1' into text field 'css:#new-todo'.</msg>
<arg>${NEW_TODO_INPUT}</arg>
<arg>${name}</arg>
<doc>Types the given ``text`` into the text field identified by ``locator``.</doc>
<status status="PASS" start="2024-02-16T10:00:55.785479" elapsed="0.181693"/>
</kw>
<arg>${todo}</arg>
<status status="PASS" start="2024-02-16T10:00:55.784474" elapsed="0.182698"/>
</kw>
<kw name="Submit todo" owner="NewTodoImputsPO">
<kw name="Press Keys" owner="SeleniumLibrary">
<msg time="2024-02-16T10:00:55.968158" level="INFO">Sending key(s) ('ENTER',) to css:#new-todo element.</msg>
<msg time="2024-02-16T10:00:56.241183" level="INFO">Pressing special key ENTER to element.</msg>
<msg time="2024-02-16T10:00:56.241183" level="INFO">Releasing special key ENTER.</msg>
<arg>${NEW_TODO_INPUT}</arg>
<arg>ENTER</arg>
<doc>Simulates the user pressing key(s) to an element or on the active browser.</doc>
<status status="PASS" start="2024-02-16T10:00:55.968158" elapsed="0.286491"/>
</kw>
<status status="PASS" start="2024-02-16T10:00:55.968158" elapsed="0.286491"/>
</kw>
<var name="${todo}">todo1</var>
<status status="PASS" start="2024-02-16T10:00:55.784474" elapsed="0.470175"/>
</iter>
<iter>
<kw name="Enter todo name" owner="NewTodoImputsPO">
<kw name="Input Text" owner="SeleniumLibrary">
<msg time="2024-02-16T10:00:56.256157" level="INFO">Typing text 'todo2' into text field 'css:#new-todo'.</msg>
<arg>${NEW_TODO_INPUT}</arg>
<arg>${name}</arg>
<doc>Types the given ``text`` into the text field identified by ``locator``.</doc>
<status status="PASS" start="2024-02-16T10:00:56.256157" elapsed="0.377186"/>
</kw>
<arg>${todo}</arg>
<status status="PASS" start="2024-02-16T10:00:56.254649" elapsed="0.378694"/>
</kw>
<kw name="Submit todo" owner="NewTodoImputsPO">
<kw name="Press Keys" owner="SeleniumLibrary">
<msg time="2024-02-16T10:00:56.634354" level="INFO">Sending key(s) ('ENTER',) to css:#new-todo element.</msg>
<msg time="2024-02-16T10:00:56.994116" level="INFO">Pressing special key ENTER to element.</msg>
<msg time="2024-02-16T10:00:56.994116" level="INFO">Releasing special key ENTER.</msg>
<arg>${NEW_TODO_INPUT}</arg>
<arg>ENTER</arg>
<doc>Simulates the user pressing key(s) to an element or on the active browser.</doc>
<status status="PASS" start="2024-02-16T10:00:56.633343" elapsed="0.409979"/>
</kw>
<status status="PASS" start="2024-02-16T10:00:56.633343" elapsed="0.409979"/>
</kw>
<var name="${todo}">todo2</var>
<status status="PASS" start="2024-02-16T10:00:56.254649" elapsed="0.788673"/>
</iter>
<iter>
<kw name="Enter todo name" owner="NewTodoImputsPO">
<kw name="Input Text" owner="SeleniumLibrary">
<msg time="2024-02-16T10:00:57.044317" level="INFO">Typing text 'todo3' into text field 'css:#new-todo'.</msg>
<arg>${NEW_TODO_INPUT}</arg>
<arg>${name}</arg>
<doc>Types the given ``text`` into the text field identified by ``locator``.</doc>
<status status="PASS" start="2024-02-16T10:00:57.043322" elapsed="0.076091"/>
</kw>
<arg>${todo}</arg>
<status status="PASS" start="2024-02-16T10:00:57.043322" elapsed="0.076091"/>
</kw>
<kw name="Submit todo" owner="NewTodoImputsPO">
<kw name="Press Keys" owner="SeleniumLibrary">
<msg time="2024-02-16T10:00:57.121008" level="INFO">Sending key(s) ('ENTER',) to css:#new-todo element.</msg>
<msg time="2024-02-16T10:00:57.431597" level="INFO">Pressing special key ENTER to element.</msg>
<msg time="2024-02-16T10:00:57.431597" level="INFO">Releasing special key ENTER.</msg>
<arg>${NEW_TODO_INPUT}</arg>
<arg>ENTER</arg>
<doc>Simulates the user pressing key(s) to an element or on the active browser.</doc>
<status status="PASS" start="2024-02-16T10:00:57.120925" elapsed="0.344284"/>
</kw>
<status status="PASS" start="2024-02-16T10:00:57.119413" elapsed="0.345796"/>
</kw>
<var name="${todo}">todo3</var>
<status status="PASS" start="2024-02-16T10:00:57.043322" elapsed="0.422880"/>
</iter>
<iter>
<kw name="Enter todo name" owner="NewTodoImputsPO">
<kw name="Input Text" owner="SeleniumLibrary">
<msg time="2024-02-16T10:00:57.466202" level="INFO">Typing text 'todo3' into text field 'css:#new-todo'.</msg>
<arg>${NEW_TODO_INPUT}</arg>
<arg>${name}</arg>
<doc>Types the given ``text`` into the text field identified by ``locator``.</doc>
<status status="PASS" start="2024-02-16T10:00:57.466202" elapsed="0.056733"/>
</kw>
<arg>${todo}</arg>
<status status="PASS" start="2024-02-16T10:00:57.466202" elapsed="0.057733"/>
</kw>
<kw name="Submit todo" owner="NewTodoImputsPO">
<kw name="Press Keys" owner="SeleniumLibrary">
<msg time="2024-02-16T10:00:57.524939" level="INFO">Sending key(s) ('ENTER',) to css:#new-todo element.</msg>
<msg time="2024-02-16T10:00:57.814542" level="INFO">Pressing special key ENTER to element.</msg>
<msg time="2024-02-16T10:00:57.814542" level="INFO">Releasing special key ENTER.</msg>
<arg>${NEW_TODO_INPUT}</arg>
<arg>ENTER</arg>
<doc>Simulates the user pressing key(s) to an element or on the active browser.</doc>
<status status="PASS" start="2024-02-16T10:00:57.523935" elapsed="0.300687"/>
</kw>
<status status="PASS" start="2024-02-16T10:00:57.523935" elapsed="0.300687"/>
</kw>
<var name="${todo}">todo3</var>
<status status="PASS" start="2024-02-16T10:00:57.466202" elapsed="0.358420"/>
</iter>
<iter>
<kw name="Enter todo name" owner="NewTodoImputsPO">
<kw name="Input Text" owner="SeleniumLibrary">
<msg time="2024-02-16T10:00:57.825615" level="INFO">Typing text 'todo4' into text field 'css:#new-todo'.</msg>
<arg>${NEW_TODO_INPUT}</arg>
<arg>${name}</arg>
<doc>Types the given ``text`` into the text field identified by ``locator``.</doc>
<status status="PASS" start="2024-02-16T10:00:57.825615" elapsed="0.014529"/>
</kw>
<arg>${todo}</arg>
<status status="PASS" start="2024-02-16T10:00:57.825615" elapsed="0.014529"/>
</kw>
<kw name="Submit todo" owner="NewTodoImputsPO">
<kw name="Press Keys" owner="SeleniumLibrary">
<msg time="2024-02-16T10:00:57.841139" level="INFO">Sending key(s) ('ENTER',) to css:#new-todo element.</msg>
<msg time="2024-02-16T10:00:58.146314" level="INFO">Pressing special key ENTER to element.</msg>
<msg time="2024-02-16T10:00:58.146314" level="INFO">Releasing special key ENTER.</msg>
<arg>${NEW_TODO_INPUT}</arg>
<arg>ENTER</arg>
<doc>Simulates the user pressing key(s) to an element or on the active browser.</doc>
<status status="PASS" start="2024-02-16T10:00:57.841139" elapsed="0.311185"/>
</kw>
<status status="PASS" start="2024-02-16T10:00:57.840144" elapsed="0.312180"/>
</kw>
<var name="${todo}">todo4</var>
<status status="PASS" start="2024-02-16T10:00:57.825615" elapsed="0.326709"/>
</iter>
<var>${todo}</var>
<value>@{todos_list}</value>
<status status="PASS" start="2024-02-16T10:00:55.783477" elapsed="2.368847"/>
</for>
<status status="PASS" start="2024-02-16T10:00:55.783477" elapsed="2.368847"/>
</kw>
<kw name="User check if few todos has been created" owner="UserSteps">
<kw name="Check id all todos are on the list" owner="TodoListPO">
<kw name="Create List" owner="BuiltIn">
<msg time="2024-02-16T10:00:58.153319" level="INFO">@{todosFromApp} = [ ]</msg>
<var>@{todosFromApp}</var>
<doc>Returns a list containing given items.</doc>
<status status="PASS" start="2024-02-16T10:00:58.153319" elapsed="0.000000"/>
</kw>
<kw name="Get WebElements" owner="SeleniumLibrary">
<msg time="2024-02-16T10:00:58.158320" level="INFO">@{todos} = [ &lt;selenium.webdriver.remote.webelement.WebElement (session="d611cb16-fe41-44a1-8e9e-c2f60c75d6ef", element="e2e4646c-bb4b-4890-991c-25d0a1395037")&gt; | &lt;selenium.webdriver.remote.webelement.WebElement ...</msg>
<var>@{todos}</var>
<arg>${TODO}</arg>
<doc>Returns a list of WebElement objects matching the ``locator``.</doc>
<status status="PASS" start="2024-02-16T10:00:58.153319" elapsed="0.005001"/>
</kw>
<for flavor="IN">
<iter>
<kw name="Get Text" owner="SeleniumLibrary">
<msg time="2024-02-16T10:00:58.174642" level="INFO">${name} = todo1</msg>
<var>${name}</var>
<arg>${todo}</arg>
<doc>Returns the text value of the element identified by ``locator``.</doc>
<status status="PASS" start="2024-02-16T10:00:58.158320" elapsed="0.016322"/>
</kw>
<kw name="Append To List" owner="Collections">
<arg>${todosFromApp}</arg>
<arg>${name}</arg>
<doc>Adds ``values`` to the end of ``list``.</doc>
<status status="PASS" start="2024-02-16T10:00:58.176157" elapsed="0.000000"/>
</kw>
<var name="${todo}">&lt;selenium.webdriver.remote.webelement.WebElement (session="d611cb16-fe41-44a1-8e9e-c2f60c75d6ef", element="e2e4646c-bb4b-4890-991c-25d0a1395037")&gt;</var>
<status status="PASS" start="2024-02-16T10:00:58.158320" elapsed="0.017837"/>
</iter>
<iter>
<kw name="Get Text" owner="SeleniumLibrary">
<msg time="2024-02-16T10:00:58.190189" level="INFO">${name} = todo2</msg>
<var>${name}</var>
<arg>${todo}</arg>
<doc>Returns the text value of the element identified by ``locator``.</doc>
<status status="PASS" start="2024-02-16T10:00:58.176157" elapsed="0.014032"/>
</kw>
<kw name="Append To List" owner="Collections">
<arg>${todosFromApp}</arg>
<arg>${name}</arg>
<doc>Adds ``values`` to the end of ``list``.</doc>
<status status="PASS" start="2024-02-16T10:00:58.190189" elapsed="0.000984"/>
</kw>
<var name="${todo}">&lt;selenium.webdriver.remote.webelement.WebElement (session="d611cb16-fe41-44a1-8e9e-c2f60c75d6ef", element="1931e016-ff29-43bd-bfa6-c70eb553649a")&gt;</var>
<status status="PASS" start="2024-02-16T10:00:58.176157" elapsed="0.015016"/>
</iter>
<iter>
<kw name="Get Text" owner="SeleniumLibrary">
<msg time="2024-02-16T10:00:58.206208" level="INFO">${name} = todo3</msg>
<var>${name}</var>
<arg>${todo}</arg>
<doc>Returns the text value of the element identified by ``locator``.</doc>
<status status="PASS" start="2024-02-16T10:00:58.191173" elapsed="0.015035"/>
</kw>
<kw name="Append To List" owner="Collections">
<arg>${todosFromApp}</arg>
<arg>${name}</arg>
<doc>Adds ``values`` to the end of ``list``.</doc>
<status status="PASS" start="2024-02-16T10:00:58.207212" elapsed="0.000000"/>
</kw>
<var name="${todo}">&lt;selenium.webdriver.remote.webelement.WebElement (session="d611cb16-fe41-44a1-8e9e-c2f60c75d6ef", element="8681cd2e-bd4c-406d-90cd-5bf560178d21")&gt;</var>
<status status="PASS" start="2024-02-16T10:00:58.191173" elapsed="0.016039"/>
</iter>
<iter>
<kw name="Get Text" owner="SeleniumLibrary">
<msg time="2024-02-16T10:00:58.264459" level="INFO">${name} = todo3</msg>
<var>${name}</var>
<arg>${todo}</arg>
<doc>Returns the text value of the element identified by ``locator``.</doc>
<status status="PASS" start="2024-02-16T10:00:58.207212" elapsed="0.058760"/>
</kw>
<kw name="Append To List" owner="Collections">
<arg>${todosFromApp}</arg>
<arg>${name}</arg>
<doc>Adds ``values`` to the end of ``list``.</doc>
<status status="PASS" start="2024-02-16T10:00:58.265972" elapsed="0.000000"/>
</kw>
<var name="${todo}">&lt;selenium.webdriver.remote.webelement.WebElement (session="d611cb16-fe41-44a1-8e9e-c2f60c75d6ef", element="34e3306d-6017-4448-8764-c6e307638afe")&gt;</var>
<status status="PASS" start="2024-02-16T10:00:58.207212" elapsed="0.058760"/>
</iter>
<iter>
<kw name="Get Text" owner="SeleniumLibrary">
<msg time="2024-02-16T10:00:58.285041" level="INFO">${name} = todo4</msg>
<var>${name}</var>
<arg>${todo}</arg>
<doc>Returns the text value of the element identified by ``locator``.</doc>
<status status="PASS" start="2024-02-16T10:00:58.266982" elapsed="0.018059"/>
</kw>
<kw name="Append To List" owner="Collections">
<arg>${todosFromApp}</arg>
<arg>${name}</arg>
<doc>Adds ``values`` to the end of ``list``.</doc>
<status status="PASS" start="2024-02-16T10:00:58.285041" elapsed="0.000000"/>
</kw>
<var name="${todo}">&lt;selenium.webdriver.remote.webelement.WebElement (session="d611cb16-fe41-44a1-8e9e-c2f60c75d6ef", element="fb881c0f-be1a-4d52-89fb-b538931531fe")&gt;</var>
<status status="PASS" start="2024-02-16T10:00:58.265972" elapsed="0.020067"/>
</iter>
<var>${todo}</var>
<value>@{todos}</value>
<status status="PASS" start="2024-02-16T10:00:58.158320" elapsed="0.127719"/>
</for>
<kw name="Lists Should Be Equal" owner="Collections">
<msg time="2024-02-16T10:00:58.287035" level="INFO">False</msg>
<arg>${todosFromApp}</arg>
<arg>${excpectedTodos}</arg>
<arg>ignore_order=True</arg>
<doc>Fails if given lists are unequal.</doc>
<status status="PASS" start="2024-02-16T10:00:58.286039" elapsed="0.000996"/>
</kw>
<arg>@{todos_list}</arg>
<status status="PASS" start="2024-02-16T10:00:58.153319" elapsed="0.133716"/>
</kw>
<status status="PASS" start="2024-02-16T10:00:58.153319" elapsed="0.133716"/>
</kw>
<kw name="User close TodoMVP app" owner="UserSteps" type="TEARDOWN">
<kw name="Close ToDoMVC app" owner="ToDOMVCPO">
<kw name="Close Browser" owner="SeleniumLibrary">
<doc>Closes the current browser.</doc>
<status status="PASS" start="2024-02-16T10:00:58.289046" elapsed="4.472431"/>
</kw>
<status status="PASS" start="2024-02-16T10:00:58.289046" elapsed="4.472431"/>
</kw>
<status status="PASS" start="2024-02-16T10:00:58.288040" elapsed="4.473437"/>
</kw>
<status status="PASS" start="2024-02-16T10:00:41.272652" elapsed="21.489992"/>
</test>
<status status="PASS" start="2024-02-16T10:00:13.664359" elapsed="49.099296"/>
</suite>
<statistics>
<total>
<stat pass="2" fail="0" skip="0">All Tests</stat>
</total>
<tag>
</tag>
<suite>
<stat pass="2" fail="0" skip="0" id="s1" name="CreateTeskTests">CreateTeskTests</stat>
</suite>
</statistics>
<errors>
</errors>
</robot>
